<?xml version="1.0" encoding="UTF-8"?>
<!-- Generated by org.testng.reporters.JUnitXMLReporter -->
<testsuite ignored="4" hostname="Mainullaptop" failures="0" tests="1" name="Test(failed)(failed)" time="0.037" errors="0" timestamp="2023-10-31T01:21:29 EDT">
  <testcase classname="com.TestNG.practice.PracticeTestNGMethods" name="cart" time="0.005"/>
  <testcase classname="com.TestNG.practice.PracticeTestNGMethods" name="dress" time="0.0">
    <ignored/>
  </testcase> <!-- dress -->
  <testcase classname="com.TestNG.practice.PracticeTestNGMethods" name="login" time="0.0">
    <ignored/>
  </testcase> <!-- login -->
  <testcase classname="com.TestNG.practice.PracticeTestNGMethods" name="payment" time="0.0">
    <ignored/>
  </testcase> <!-- payment -->
  <testcase classname="com.TestNG.practice.PracticeTestNGMethods" name="placeOrder" time="0.0">
    <ignored/>
  </testcase> <!-- placeOrder -->
</testsuite> <!-- Test(failed)(failed) -->
