<?xml version="1.0" encoding="UTF-8"?>
<!-- Generated by org.testng.reporters.JUnitXMLReporter -->
<testsuite ignored="4" hostname="Mainullaptop" failures="1" tests="1" name="Test(failed)" time="0.052" errors="0" timestamp="2023-10-31T01:21:09 EDT">
  <testcase classname="com.TestNG.practice.PracticeTestNGMethods" name="cart" time="0.005">
    <failure type="java.lang.Error" message="Unresolved compilation problems: 
	Syntax error, insert &amp;quot;AssignmentOperator Expression&amp;quot; to complete Assignment
	Syntax error, insert &amp;quot;;&amp;quot; to complete BlockStatements
	The left-hand side of an assignment must be a variable
">
      <![CDATA[java.lang.Error: Unresolved compilation problems: 
Syntax error, insert "AssignmentOperator Expression" to complete Assignment
Syntax error, insert ";" to complete BlockStatements
The left-hand side of an assignment must be a variable

at com.TestNG.practice.PracticeTestNGMethods.cart(PracticeTestNGMethods.java:18)
at java.base/java.util.ArrayList.forEach(ArrayList.java:1511)
... Removed 27 stack frames]]>
    </failure>
  </testcase> <!-- cart -->
  <testcase classname="com.TestNG.practice.PracticeTestNGMethods" name="dress" time="0.0">
    <ignored/>
  </testcase> <!-- dress -->
  <testcase classname="com.TestNG.practice.PracticeTestNGMethods" name="login" time="0.0">
    <ignored/>
  </testcase> <!-- login -->
  <testcase classname="com.TestNG.practice.PracticeTestNGMethods" name="payment" time="0.0">
    <ignored/>
  </testcase> <!-- payment -->
  <testcase classname="com.TestNG.practice.PracticeTestNGMethods" name="placeOrder" time="0.0">
    <ignored/>
  </testcase> <!-- placeOrder -->
</testsuite> <!-- Test(failed) -->
