<?xml version="1.0" encoding="UTF-8"?>
<testng-results ignored="0" total="1" passed="1" failed="0" skipped="0">
  <reporter-output>
  </reporter-output>
  <suite started-at="2023-11-02T04:50:13 EDT" name="Default suite" finished-at="2023-11-02T04:50:22 EDT" duration-ms="9775">
    <groups>
    </groups>
    <test started-at="2023-11-02T04:50:13 EDT" name="Default test" finished-at="2023-11-02T04:50:22 EDT" duration-ms="9775">
      <class name="com.TestNG.practice.FirstClass">
        <test-method is-config="true" signature="setupReport()[pri:0, instance:com.TestNG.practice.FirstClass@1fb700ee]" started-at="2023-11-02T04:50:13 EDT" name="setupReport" finished-at="2023-11-02T04:50:13 EDT" duration-ms="261" status="PASS">
          <reporter-output>
          </reporter-output>
        </test-method> <!-- setupReport -->
        <test-method signature="getmouseHover()[pri:0, instance:com.TestNG.practice.FirstClass@1fb700ee]" started-at="2023-11-02T04:50:13 EDT" name="getmouseHover" finished-at="2023-11-02T04:50:22 EDT" duration-ms="8618" status="PASS">
          <reporter-output>
          </reporter-output>
        </test-method> <!-- getmouseHover -->
        <test-method is-config="true" signature="printTestReport()[pri:0, instance:com.TestNG.practice.FirstClass@1fb700ee]" started-at="2023-11-02T04:50:22 EDT" name="printTestReport" finished-at="2023-11-02T04:50:22 EDT" duration-ms="825" status="PASS">
          <reporter-output>
          </reporter-output>
        </test-method> <!-- printTestReport -->
      </class> <!-- com.TestNG.practice.FirstClass -->
    </test> <!-- Default test -->
  </suite> <!-- Default suite -->
</testng-results>
